<?xml version="1.0" encoding="UTF-8"?>
<!-- Generated by org.testng.reporters.JUnitReportReporter -->
<testsuite hostname="Prudhvi" failures="0" tests="1" name="NewTest" time="1.657" errors="0" timestamp="2025-03-26T14:47:32 IST" skipped="0">
  <testcase classname="NewTest" name="opengoogle" time="1.657"/>
  <system-out/>
</testsuite> <!-- NewTest -->
